2025-06-10 17:20:25,462 - src.utils.config_loader - ERROR - Config file not found: config.yml
2025-06-10 17:20:25,462 - __main__ - CRITICAL - Generation failed: 
Traceback (most recent call last):
  File "/Users/kritiagrawal/Desktop/job_practice/ml_engineering/transformer_e2e/scripts/generate.py", line 134, in main
    local_cfg_dict = load_config(generate_cfg.MAIN_CONFIG_PATH)
                     ^^^^^^^^^^^^^^^^^^^^^^^^^^^^^^^^^^^^^^^^^^
  File "/Users/kritiagrawal/Desktop/job_practice/ml_engineering/transformer_e2e/src/utils/config_loader.py", line 37, in load_config
    raise FileNotFoundError
FileNotFoundError
2025-06-10 17:20:25,463 - __main__ - INFO - Generation process finished.
2025-06-10 17:21:25,640 - __main__ - CRITICAL - Generation failed: 'types.SimpleNamespace' object has no attribute 'get'
Traceback (most recent call last):
  File "/Users/kritiagrawal/Desktop/job_practice/ml_engineering/transformer_e2e/scripts/generate.py", line 135, in main
    wandb_project = local_cfg_dict.get("WANDB_PROJECT")
                    ^^^^^^^^^^^^^^^^^^
AttributeError: 'types.SimpleNamespace' object has no attribute 'get'
2025-06-10 17:21:25,641 - __main__ - INFO - Generation process finished.
2025-06-10 17:34:23,183 - __main__ - INFO - Attempting to fetch config for run 'single_bs12_cw16_lr3e-4_2' from W&B project 'Transformer_e2e'...
2025-06-10 17:34:24,191 - __main__ - INFO - Successfully fetched config for run 'transformer_e2e_single_run__single_bs12_cw16_lr3e-4_2' (single_bs12_cw16_lr3e-4_2) from W&B.
2025-06-10 17:34:24,192 - __main__ - INFO - Loading tokenizer: gpt2
2025-06-10 17:34:25,169 - __main__ - INFO - Recreating model architecture...
2025-06-10 17:34:25,239 - src.models.transformer - INFO - Using uniform dropout rate of 0.2 for all 3 layers.
2025-06-10 17:34:25,352 - __main__ - INFO - Loading model state from local checkpoint: /Users/kritiagrawal/Desktop/job_practice/ml_engineering/transformer_e2e/model_checkpoints/run_single_bs12_cw16_lr3e-4_2_best.pt
2025-06-10 17:34:25,904 - __main__ - INFO - Model loaded and moved to device.
2025-06-10 17:34:25,910 - __main__ - INFO - Generating text...
2025-06-10 17:34:26,412 - __main__ - INFO - Generation process finished.
